<?xml version="1.0" encoding="UTF-8"?>
<!-- Generated by org.testng.reporters.JUnitReportReporter -->
<testsuite hostname="FASTERONE" name="com.joseph.california.test.respository.CustomerRepositoryTest" tests="1" failures="0" timestamp="10 May 2014 09:35:59 GMT" time="0.225" errors="0">
  <testcase name="hello" time="0.225" classname="com.joseph.california.test.respository.CustomerRepositoryTest"/>
</testsuite> <!-- com.joseph.california.test.respository.CustomerRepositoryTest -->
